#
# There is insufficient memory for the Java Runtime Environment to continue.
# Native memory allocation (malloc) failed to allocate 520080 bytes for Chunk::new
# Possible reasons:
#   The system is out of physical RAM or swap space
#   In 32 bit mode, the process size limit was hit
# Possible solutions:
#   Reduce memory load on the system
#   Increase physical memory or swap space
#   Check if swap backing store is full
#   Use 64 bit Java on a 64 bit OS
#   Decrease Java heap size (-Xmx/-Xms)
#   Decrease number of Java threads
#   Decrease Java thread stack sizes (-Xss)
#   Set larger code cache with -XX:ReservedCodeCacheSize=
# This output file may be truncated or incomplete.
#
#  Out of Memory Error (allocation.cpp:323), pid=14576, tid=9192
#
# JRE version: Java(TM) SE Runtime Environment (7.0_51-b13) (build 1.7.0_51-b13)
# Java VM: Java HotSpot(TM) 64-Bit Server VM (24.51-b03 mixed mode windows-amd64 compressed oops)
# Failed to write core dump. Minidumps are not enabled by default on client versions of Windows
#

---------------  T H R E A D  ---------------

Current thread (0x000000000d553800):  JavaThread "C2 CompilerThread1" daemon [_thread_in_native, id=9192, stack(0x000000000dc20000,0x000000000dd20000)]

Stack: [0x000000000dc20000,0x000000000dd20000]

Current CompileTask:
C2:   3327  695   !         org.apache.catalina.startup.ContextConfig::checkHandlesTypes (453 bytes)


---------------  P R O C E S S  ---------------

Java Threads: ( => current thread )
  0x000000000ecce800 JavaThread "localhost-startStop-1" daemon [_thread_in_Java, id=13564, stack(0x000000000f900000,0x000000000fa00000)]
  0x000000000e39b000 JavaThread "Tomcat-startStop-1" daemon [_thread_blocked, id=456, stack(0x000000000f800000,0x000000000f900000)]
  0x000000000d555000 JavaThread "Service Thread" daemon [_thread_blocked, id=18624, stack(0x000000000dd20000,0x000000000de20000)]
=>0x000000000d553800 JavaThread "C2 CompilerThread1" daemon [_thread_in_native, id=9192, stack(0x000000000dc20000,0x000000000dd20000)]
  0x000000000d551800 JavaThread "C2 CompilerThread0" daemon [_thread_blocked, id=18112, stack(0x000000000db20000,0x000000000dc20000)]
  0x0000000002d29000 JavaThread "Attach Listener" daemon [_thread_blocked, id=4284, stack(0x000000000da20000,0x000000000db20000)]
  0x0000000002d21800 JavaThread "Signal Dispatcher" daemon [_thread_blocked, id=16620, stack(0x000000000d920000,0x000000000da20000)]
  0x000000000b530800 JavaThread "Finalizer" daemon [_thread_blocked, id=15004, stack(0x000000000d420000,0x000000000d520000)]
  0x000000000b527800 JavaThread "Reference Handler" daemon [_thread_blocked, id=12112, stack(0x000000000d320000,0x000000000d420000)]
  0x0000000002c30800 JavaThread "main" [_thread_blocked, id=16040, stack(0x0000000002790000,0x0000000002890000)]

Other Threads:
  0x000000000b524000 VMThread [stack: 0x000000000d220000,0x000000000d320000] [id=16600]
  0x000000000d572000 WatcherThread [stack: 0x000000000de20000,0x000000000df20000] [id=6784]

VM state:not at safepoint (normal execution)

VM Mutex/Monitor currently owned by a thread: None

Heap
 PSYoungGen      total 71680K, used 16946K [0x00000007d5b00000, 0x00000007da600000, 0x0000000800000000)
  eden space 66560K, 17% used [0x00000007d5b00000,0x00000007d6690808,0x00000007d9c00000)
  from space 5120K, 99% used [0x00000007da100000,0x00000007da5fc020,0x00000007da600000)
  to   space 5120K, 0% used [0x00000007d9c00000,0x00000007d9c00000,0x00000007da100000)
 ParOldGen       total 86528K, used 37103K [0x0000000781200000, 0x0000000786680000, 0x00000007d5b00000)
  object space 86528K, 42% used [0x0000000781200000,0x000000078363bf18,0x0000000786680000)
 PSPermGen       total 23040K, used 22802K [0x000000077c000000, 0x000000077d680000, 0x0000000781200000)
  object space 23040K, 98% used [0x000000077c000000,0x000000077d644998,0x000000077d680000)

Card table byte_map: [0x0000000005e10000,0x0000000006240000] byte_map_base: 0x0000000002230000

Polling page: 0x0000000000b20000

Code Cache  [0x0000000002e10000, 0x0000000003080000, 0x0000000005e10000)
 total_blobs=1020 nmethods=671 adapters=301 free_code_cache=46800Kb largest_free_block=47878720

Compilation events (10 events):
Event: 3.278 Thread 0x000000000d553800 nmethod 692 0x000000000305c050 code [0x000000000305c180, 0x000000000305c1f8]
Event: 3.292 Thread 0x000000000d551800  693             java.net.URLStreamHandler::setURL (40 bytes)
Event: 3.292 Thread 0x000000000d553800  694   !         java.net.URL::set (114 bytes)
Event: 3.294 Thread 0x000000000d553800 nmethod 694 0x000000000305d490 code [0x000000000305d5e0, 0x000000000305d8d8]
Event: 3.294 Thread 0x000000000d551800 nmethod 693 0x000000000305ce50 code [0x000000000305cfa0, 0x000000000305d2f8]
Event: 3.295 Thread 0x000000000d553800  695   !         org.apache.catalina.startup.ContextConfig::checkHandlesTypes (453 bytes)
Event: 3.300 Thread 0x000000000d551800  696             org.apache.tomcat.util.bcel.classfile.ClassParser::readFields (51 bytes)
Event: 3.303 Thread 0x000000000d551800 nmethod 696 0x000000000305c5d0 code [0x000000000305c760, 0x000000000305cae8]
Event: 3.316 Thread 0x000000000d551800  697             java.util.WeakHashMap::remove (133 bytes)
Event: 3.318 Thread 0x000000000d551800 nmethod 697 0x000000000305fd50 code [0x000000000305fec0, 0x00000000030601e8]

GC Heap History (10 events):
Event: 0.904 GC heap before
{Heap before GC invocations=2 (full 0):
 PSYoungGen      total 38400K, used 38387K [0x00000007d5b00000, 0x00000007da600000, 0x0000000800000000)
  eden space 33280K, 100% used [0x00000007d5b00000,0x00000007d7b80000,0x00000007d7b80000)
  from space 5120K, 99% used [0x00000007d7b80000,0x00000007d807cd08,0x00000007d8080000)
  to   space 5120K, 0% used [0x00000007da100000,0x00000007da100000,0x00000007da600000)
 ParOldGen       total 86528K, used 991K [0x0000000781200000, 0x0000000786680000, 0x00000007d5b00000)
  object space 86528K, 1% used [0x0000000781200000,0x00000007812f7d18,0x0000000786680000)
 PSPermGen       total 21504K, used 12395K [0x000000077c000000, 0x000000077d500000, 0x0000000781200000)
  object space 21504K, 57% used [0x000000077c000000,0x000000077cc1ae30,0x000000077d500000)
Event: 0.910 GC heap after
Heap after GC invocations=2 (full 0):
 PSYoungGen      total 71680K, used 5116K [0x00000007d5b00000, 0x00000007da600000, 0x0000000800000000)
  eden space 66560K, 0% used [0x00000007d5b00000,0x00000007d5b00000,0x00000007d9c00000)
  from space 5120K, 99% used [0x00000007da100000,0x00000007da5ff250,0x00000007da600000)
  to   space 5120K, 0% used [0x00000007d9c00000,0x00000007d9c00000,0x00000007da100000)
 ParOldGen       total 86528K, used 3379K [0x0000000781200000, 0x0000000786680000, 0x00000007d5b00000)
  object space 86528K, 3% used [0x0000000781200000,0x000000078154cd80,0x0000000786680000)
 PSPermGen       total 21504K, used 12395K [0x000000077c000000, 0x000000077d500000, 0x0000000781200000)
  object space 21504K, 57% used [0x000000077c000000,0x000000077cc1ae30,0x000000077d500000)
}
Event: 1.674 GC heap before
{Heap before GC invocations=3 (full 0):
 PSYoungGen      total 71680K, used 71676K [0x00000007d5b00000, 0x00000007da600000, 0x0000000800000000)
  eden space 66560K, 100% used [0x00000007d5b00000,0x00000007d9c00000,0x00000007d9c00000)
  from space 5120K, 99% used [0x00000007da100000,0x00000007da5ff250,0x00000007da600000)
  to   space 5120K, 0% used [0x00000007d9c00000,0x00000007d9c00000,0x00000007da100000)
 ParOldGen       total 86528K, used 3379K [0x0000000781200000, 0x0000000786680000, 0x00000007d5b00000)
  object space 86528K, 3% used [0x0000000781200000,0x000000078154cd80,0x0000000786680000)
 PSPermGen       total 21504K, used 15321K [0x000000077c000000, 0x000000077d500000, 0x0000000781200000)
  object space 21504K, 71% used [0x000000077c000000,0x000000077cef6430,0x000000077d500000)
Event: 1.681 GC heap after
Heap after GC invocations=3 (full 0):
 PSYoungGen      total 71680K, used 5096K [0x00000007d5b00000, 0x00000007da600000, 0x0000000800000000)
  eden space 66560K, 0% used [0x00000007d5b00000,0x00000007d5b00000,0x00000007d9c00000)
  from space 5120K, 99% used [0x00000007d9c00000,0x00000007da0fa020,0x00000007da100000)
  to   space 5120K, 0% used [0x00000007da100000,0x00000007da100000,0x00000007da600000)
 ParOldGen       total 86528K, used 8464K [0x0000000781200000, 0x0000000786680000, 0x00000007d5b00000)
  object space 86528K, 9% used [0x0000000781200000,0x0000000781a440c0,0x0000000786680000)
 PSPermGen       total 21504K, used 15321K [0x000000077c000000, 0x000000077d500000, 0x0000000781200000)
  object space 21504K, 71% used [0x000000077c000000,0x000000077cef6430,0x000000077d500000)
}
Event: 2.275 GC heap before
{Heap before GC invocations=4 (full 0):
 PSYoungGen      total 71680K, used 71656K [0x00000007d5b00000, 0x00000007da600000, 0x0000000800000000)
  eden space 66560K, 100% used [0x00000007d5b00000,0x00000007d9c00000,0x00000007d9c00000)
  from space 5120K, 99% used [0x00000007d9c00000,0x00000007da0fa020,0x00000007da100000)
  to   space 5120K, 0% used [0x00000007da100000,0x00000007da100000,0x00000007da600000)
 ParOldGen       total 86528K, used 8464K [0x0000000781200000, 0x0000000786680000, 0x00000007d5b00000)
  object space 86528K, 9% used [0x0000000781200000,0x0000000781a440c0,0x0000000786680000)
 PSPermGen       total 21504K, used 16444K [0x000000077c000000, 0x000000077d500000, 0x0000000781200000)
  object space 21504K, 76% used [0x000000077c000000,0x000000077d00f1f0,0x000000077d500000)
Event: 2.283 GC heap after
Heap after GC invocations=4 (full 0):
 PSYoungGen      total 71680K, used 5120K [0x00000007d5b00000, 0x00000007da600000, 0x0000000800000000)
  eden space 66560K, 0% used [0x00000007d5b00000,0x00000007d5b00000,0x00000007d9c00000)
  from space 5120K, 100% used [0x00000007da100000,0x00000007da600000,0x00000007da600000)
  to   space 5120K, 0% used [0x00000007d9c00000,0x00000007d9c00000,0x00000007da100000)
 ParOldGen       total 86528K, used 13157K [0x0000000781200000, 0x0000000786680000, 0x00000007d5b00000)
  object space 86528K, 15% used [0x0000000781200000,0x0000000781ed9650,0x0000000786680000)
 PSPermGen       total 21504K, used 16444K [0x000000077c000000, 0x000000077d500000, 0x0000000781200000)
  object space 21504K, 76% used [0x000000077c000000,0x000000077d00f1f0,0x000000077d500000)
}
Event: 2.984 GC heap before
{Heap before GC invocations=5 (full 0):
 PSYoungGen      total 71680K, used 71680K [0x00000007d5b00000, 0x00000007da600000, 0x0000000800000000)
  eden space 66560K, 100% used [0x00000007d5b00000,0x00000007d9c00000,0x00000007d9c00000)
  from space 5120K, 100% used [0x00000007da100000,0x00000007da600000,0x00000007da600000)
  to   space 5120K, 0% used [0x00000007d9c00000,0x00000007d9c00000,0x00000007da100000)
 ParOldGen       total 86528K, used 13157K [0x0000000781200000, 0x0000000786680000, 0x00000007d5b00000)
  object space 86528K, 15% used [0x0000000781200000,0x0000000781ed9650,0x0000000786680000)
 PSPermGen       total 23040K, used 22776K [0x000000077c000000, 0x000000077d680000, 0x0000000781200000)
  object space 23040K, 98% used [0x000000077c000000,0x000000077d63e330,0x000000077d680000)
Event: 2.995 GC heap after
Heap after GC invocations=5 (full 0):
 PSYoungGen      total 71680K, used 5088K [0x00000007d5b00000, 0x00000007da600000, 0x0000000800000000)
  eden space 66560K, 0% used [0x00000007d5b00000,0x00000007d5b00000,0x00000007d9c00000)
  from space 5120K, 99% used [0x00000007d9c00000,0x00000007da0f8010,0x00000007da100000)
  to   space 5120K, 0% used [0x00000007da100000,0x00000007da100000,0x00000007da600000)
 ParOldGen       total 86528K, used 23861K [0x0000000781200000, 0x0000000786680000, 0x00000007d5b00000)
  object space 86528K, 27% used [0x0000000781200000,0x000000078294d4e0,0x0000000786680000)
 PSPermGen       total 23040K, used 22776K [0x000000077c000000, 0x000000077d680000, 0x0000000781200000)
  object space 23040K, 98% used [0x000000077c000000,0x000000077d63e330,0x000000077d680000)
}
Event: 3.279 GC heap before
{Heap before GC invocations=6 (full 0):
 PSYoungGen      total 71680K, used 71648K [0x00000007d5b00000, 0x00000007da600000, 0x0000000800000000)
  eden space 66560K, 100% used [0x00000007d5b00000,0x00000007d9c00000,0x00000007d9c00000)
  from space 5120K, 99% used [0x00000007d9c00000,0x00000007da0f8010,0x00000007da100000)
  to   space 5120K, 0% used [0x00000007da100000,0x00000007da100000,0x00000007da600000)
 ParOldGen       total 86528K, used 23861K [0x0000000781200000, 0x0000000786680000, 0x00000007d5b00000)
  object space 86528K, 27% used [0x0000000781200000,0x000000078294d4e0,0x0000000786680000)
 PSPermGen       total 23040K, used 22800K [0x000000077c000000, 0x000000077d680000, 0x0000000781200000)
  object space 23040K, 98% used [0x000000077c000000,0x000000077d644020,0x000000077d680000)
Event: 3.289 GC heap after
Heap after GC invocations=6 (full 0):
 PSYoungGen      total 71680K, used 5104K [0x00000007d5b00000, 0x00000007da600000, 0x0000000800000000)
  eden space 66560K, 0% used [0x00000007d5b00000,0x00000007d5b00000,0x00000007d9c00000)
  from space 5120K, 99% used [0x00000007da100000,0x00000007da5fc020,0x00000007da600000)
  to   space 5120K, 0% used [0x00000007d9c00000,0x00000007d9c00000,0x00000007da100000)
 ParOldGen       total 86528K, used 37103K [0x0000000781200000, 0x0000000786680000, 0x00000007d5b00000)
  object space 86528K, 42% used [0x0000000781200000,0x000000078363bf18,0x0000000786680000)
 PSPermGen       total 23040K, used 22800K [0x000000077c000000, 0x000000077d680000, 0x0000000781200000)
  object space 23040K, 98% used [0x000000077c000000,0x000000077d644020,0x000000077d680000)
}

Deoptimization events (10 events):
Event: 2.877 Thread 0x000000000ecce800 Uncommon trap: reason=unreached action=reinterpret pc=0x0000000002e9c904 method=sun.misc.URLClassPath$JarLoader.ensureOpen()V @ 4
Event: 2.882 Thread 0x000000000ecce800 Uncommon trap: reason=class_check action=maybe_recompile pc=0x0000000002eaf644 method=sun.misc.URLClassPath.findResource(Ljava/lang/String;Z)Ljava/net/URL; @ 17
Event: 2.882 Thread 0x000000000ecce800 Uncommon trap: reason=class_check action=maybe_recompile pc=0x0000000002eaf644 method=sun.misc.URLClassPath.findResource(Ljava/lang/String;Z)Ljava/net/URL; @ 17
Event: 2.885 Thread 0x000000000ecce800 Uncommon trap: reason=class_check action=maybe_recompile pc=0x0000000002eaf644 method=sun.misc.URLClassPath.findResource(Ljava/lang/String;Z)Ljava/net/URL; @ 17
Event: 2.967 Thread 0x000000000ecce800 Uncommon trap: reason=unloaded action=reinterpret pc=0x000000000301b6a0 method=org.apache.tomcat.util.bcel.classfile.Attribute.readAttribute(Ljava/io/DataInputStream;Lorg/apache/tomcat/util/bcel/classfile/ConstantPool;)Lorg/apache/tomcat/util/bcel/classfil
Event: 3.033 Thread 0x000000000ecce800 Uncommon trap: reason=unloaded action=reinterpret pc=0x0000000003027aa0 method=org.apache.tomcat.util.bcel.classfile.Constant.readConstant(Ljava/io/DataInputStream;)Lorg/apache/tomcat/util/bcel/classfile/Constant; @ 146
Event: 3.033 Thread 0x000000000ecce800 Uncommon trap: reason=unloaded action=reinterpret pc=0x0000000003018978 method=org.apache.tomcat.util.bcel.classfile.Constant.readConstant(Ljava/io/DataInputStream;)Lorg/apache/tomcat/util/bcel/classfile/Constant; @ 146
Event: 3.093 Thread 0x000000000ecce800 Uncommon trap: reason=unloaded action=reinterpret pc=0x00000000030495fc method=org.apache.tomcat.util.bcel.classfile.Constant.readConstant(Ljava/io/DataInputStream;)Lorg/apache/tomcat/util/bcel/classfile/Constant; @ 164
Event: 3.098 Thread 0x000000000ecce800 Uncommon trap: reason=unloaded action=reinterpret pc=0x000000000304c9fc method=org.apache.tomcat.util.bcel.classfile.Attribute.readAttribute(Ljava/io/DataInputStream;Lorg/apache/tomcat/util/bcel/classfile/ConstantPool;)Lorg/apache/tomcat/util/bcel/classfilRYëÿÆ»	@
Event: 3.217 Thread 0x000000000ecce800 Uncommon trap: reason=unloaded action=reinterpret pc=0x0000000003057aa8 method=org.apache.tomcat.util.bcel.classfile.Attribute.readAttribute(Ljava/io/DataInputStream;Lorg/apache/tomcat/util/bcel/classfile/ConstantPool;)Lorg/apache/tomcat/util/bcel/classfilp¨Ú™@

Internal exceptions (10 events):
Event: 2.874 Thread 0x000000000ecce800 Threw 0x00000007d8f45238 at C:\re\jdk7u51\527\hotspot\src\share\vm\prims\jvm.cpp:1244
Event: 2.875 Thread 0x000000000ecce800 Threw 0x00000007d8f49c28 at C:\re\jdk7u51\527\hotspot\src\share\vm\prims\jvm.cpp:1244
Event: 2.875 Thread 0x000000000ecce800 Threw 0x00000007d8f53530 at C:\re\jdk7u51\527\hotspot\src\share\vm\prims\jvm.cpp:1244
Event: 2.875 Thread 0x000000000ecce800 Threw 0x00000007d8f57008 at C:\re\jdk7u51\527\hotspot\src\share\vm\prims\jvm.cpp:1244
Event: 2.876 Thread 0x000000000ecce800 Threw 0x00000007d8f63c80 at C:\re\jdk7u51\527\hotspot\src\share\vm\prims\jvm.cpp:1244
Event: 2.877 Thread 0x000000000ecce800 Threw 0x00000007d8f677c8 at C:\re\jdk7u51\527\hotspot\src\share\vm\prims\jvm.cpp:1244
Event: 2.877 Thread 0x000000000ecce800 Implicit null exception at 0x0000000002e9b786 to 0x0000000002e9c8e5
Event: 2.878 Thread 0x000000000ecce800 Threw 0x00000007d8f75188 at C:\re\jdk7u51\527\hotspot\src\share\vm\prims\jvm.cpp:1244
Event: 2.879 Thread 0x000000000ecce800 Threw 0x00000007d8f7b9d0 at C:\re\jdk7u51\527\hotspot\src\share\vm\prims\jvm.cpp:1244
Event: 2.881 Thread 0x000000000ecce800 Threw 0x00000007d8f92308 at C:\re\jdk7u51\527\hotspot\src\share\vm\prims\jvm.cpp:1244

Events (10 events):
Event: 3.093 Thread 0x000000000ecce800 DEOPT PACKING pc=0x00000000030495fc sp=0x000000000f9fea80
Event: 3.093 Thread 0x000000000ecce800 DEOPT UNPACKING pc=0x0000000002e475a4 sp=0x000000000f9fea40 mode 2
Event: 3.098 Thread 0x000000000ecce800 Uncommon trap: trap_request=0x00000021 fr.pc=0x000000000304c9fc
Event: 3.098 Thread 0x000000000ecce800 DEOPT PACKING pc=0x000000000304c9fc sp=0x000000000f9fe620
Event: 3.098 Thread 0x000000000ecce800 DEOPT UNPACKING pc=0x0000000002e475a4 sp=0x000000000f9fe5b0 mode 2
Event: 3.217 Thread 0x000000000ecce800 Uncommon trap: trap_request=0x0000002d fr.pc=0x0000000003057aa8
Event: 3.217 Thread 0x000000000ecce800 DEOPT PACKING pc=0x0000000003057aa8 sp=0x000000000f9fea90
Event: 3.217 Thread 0x000000000ecce800 DEOPT UNPACKING pc=0x0000000002e475a4 sp=0x000000000f9fea30 mode 2
Event: 3.279 Executing VM operation: ParallelGCFailedAllocation
Event: 3.289 Executing VM operation: ParallelGCFailedAllocation done


Dynamic libraries:
0x00007ff76e730000 - 0x00007ff76e763000 	C:\java\jdk1.7\bin\javaw.exe
0x00007ffc81370000 - 0x00007ffc81551000 	C:\windows\SYSTEM32\ntdll.dll
0x00007ffc80280000 - 0x00007ffc80332000 	C:\windows\System32\KERNEL32.DLL
0x00007ffc7e010000 - 0x00007ffc7e283000 	C:\windows\System32\KERNELBASE.dll
0x00007ffc800f0000 - 0x00007ffc80191000 	C:\windows\System32\ADVAPI32.dll
0x00007ffc811d0000 - 0x00007ffc8126e000 	C:\windows\System32\msvcrt.dll
0x00007ffc81110000 - 0x00007ffc8116b000 	C:\windows\System32\sechost.dll
0x00007ffc809e0000 - 0x00007ffc80b04000 	C:\windows\System32\RPCRT4.dll
0x00007ffc80b10000 - 0x00007ffc80ca0000 	C:\windows\System32\USER32.dll
0x00007ffc7d740000 - 0x00007ffc7d760000 	C:\windows\System32\win32u.dll
0x00007ffc800c0000 - 0x00007ffc800e8000 	C:\windows\System32\GDI32.dll
0x00007ffc7d760000 - 0x00007ffc7d8f2000 	C:\windows\System32\gdi32full.dll
0x00007ffc7e520000 - 0x00007ffc7e5bf000 	C:\windows\System32\msvcp_win.dll
0x00007ffc7e290000 - 0x00007ffc7e38a000 	C:\windows\System32\ucrtbase.dll
0x00007ffc711d0000 - 0x00007ffc71439000 	C:\windows\WinSxS\amd64_microsoft.windows.common-controls_6595b64144ccf1df_6.0.17134.472_none_fb3f9af53068156d\COMCTL32.dll
0x00007ffc7e800000 - 0x00007ffc7eb22000 	C:\windows\System32\combase.dll
0x00007ffc7e390000 - 0x00007ffc7e40a000 	C:\windows\System32\bcryptPrimitives.dll
0x00007ffc80090000 - 0x00007ffc800bd000 	C:\windows\System32\IMM32.DLL
0x000000005fc70000 - 0x000000005fd42000 	C:\java\jdk1.7\jre\bin\msvcr100.dll
0x000000005f4a0000 - 0x000000005fc69000 	C:\java\jdk1.7\jre\bin\server\jvm.dll
0x00007ffc80270000 - 0x00007ffc80278000 	C:\windows\System32\PSAPI.DLL
0x00007ffc67b80000 - 0x00007ffc67b89000 	C:\windows\SYSTEM32\WSOCK32.dll
0x00007ffc7a980000 - 0x00007ffc7a9a3000 	C:\windows\SYSTEM32\WINMM.dll
0x00007ffc803a0000 - 0x00007ffc8040c000 	C:\windows\System32\WS2_32.dll
0x00007ffc7a870000 - 0x00007ffc7a89a000 	C:\windows\SYSTEM32\winmmbase.dll
0x00007ffc7e7b0000 - 0x00007ffc7e7f9000 	C:\windows\System32\cfgmgr32.dll
0x000000005f490000 - 0x000000005f49f000 	C:\java\jdk1.7\jre\bin\verify.dll
0x000000005f460000 - 0x000000005f488000 	C:\java\jdk1.7\jre\bin\java.dll
0x000000005f440000 - 0x000000005f455000 	C:\java\jdk1.7\jre\bin\zip.dll
0x00007ffc7d090000 - 0x00007ffc7d0a7000 	C:\windows\SYSTEM32\CRYPTSP.dll
0x00007ffc7cac0000 - 0x00007ffc7caf3000 	C:\windows\system32\rsaenh.dll
0x00007ffc7d1c0000 - 0x00007ffc7d1e5000 	C:\windows\SYSTEM32\bcrypt.dll
0x00007ffc7d5b0000 - 0x00007ffc7d5d8000 	C:\windows\SYSTEM32\USERENV.dll
0x00007ffc7d690000 - 0x00007ffc7d6af000 	C:\windows\System32\profapi.dll
0x00007ffc7d0b0000 - 0x00007ffc7d0bb000 	C:\windows\SYSTEM32\CRYPTBASE.dll
0x000000005f3f0000 - 0x000000005f409000 	C:\java\jdk1.7\jre\bin\net.dll
0x00007ffc7cee0000 - 0x00007ffc7cf46000 	C:\windows\system32\mswsock.dll
0x00007ffc63bc0000 - 0x00007ffc63bd6000 	C:\windows\system32\napinsp.dll
0x00007ffc63ba0000 - 0x00007ffc63bba000 	C:\windows\system32\pnrpnsp.dll
0x00007ffc79500000 - 0x00007ffc79519000 	C:\windows\system32\NLAapi.dll
0x00007ffc7cca0000 - 0x00007ffc7cd5e000 	C:\windows\SYSTEM32\DNSAPI.dll
0x00007ffc80ca0000 - 0x00007ffc80ca8000 	C:\windows\System32\NSI.dll
0x00007ffc7cc60000 - 0x00007ffc7cc98000 	C:\windows\SYSTEM32\IPHLPAPI.DLL
0x00007ffc63b90000 - 0x00007ffc63b9e000 	C:\windows\System32\winrnr.dll
0x00000000603e0000 - 0x0000000060406000 	C:\Program Files\Bonjour\mdnsNSP.dll
0x00007ffc63b70000 - 0x00007ffc63b85000 	C:\windows\System32\wshbth.dll
0x00007ffc738c0000 - 0x00007ffc738ca000 	C:\Windows\System32\rasadhlp.dll
0x00007ffc728a0000 - 0x00007ffc72912000 	C:\windows\System32\fwpuclnt.dll
0x000000005f3d0000 - 0x000000005f3e1000 	C:\java\jdk1.7\jre\bin\nio.dll
0x00007ffc79660000 - 0x00007ffc7966a000 	C:\Users\ymsxyz\AppData\Local\Temp\jansi-1.16-8832525759746410513.dll
0x00007ffc79650000 - 0x00007ffc7965a000 	C:\Users\ymsxyz\AppData\Local\Temp\jansi-1.16-483517965115418704.dll
0x000000005f3c0000 - 0x000000005f3cb000 	C:\java\jdk1.7\jre\bin\management.dll

VM Arguments:
jvm_args: -Dmaven.home=D:\sw_java\apache-maven-3.5.2 -Dclassworlds.conf=D:\EclipseProjectDemo\.metadata\.plugins\org.eclipse.m2e.launching\launches\m2conf3939363653100239520.tmp -Dmaven.multiModuleProjectDirectory=D:\EclipseProjectPinYouGou\pinyougou-parent\pinyougou-portal-web -Dfile.encoding=UTF-8 
java_command: org.codehaus.plexus.classworlds.launcher.Launcher -B -s D:\sw_java\apache-maven-3.5.2\conf\settings.xml tomcat7:run
Launcher Type: SUN_STANDARD

Environment Variables:
JAVA_HOME=C:\java\jdk1.7
PATH=C:/java/jdk1.7/bin/../jre/bin/server;C:/java/jdk1.7/bin/../jre/bin;C:/java/jdk1.7/bin/../jre/lib/amd64;D:\sw_java\apache-maven-3.5.2\bin;C:\java\jdk1.7\bin;C:\windows\system32;C:\windows;C:\windows\System32\Wbem;C:\windows\System32\WindowsPowerShell\v1.0\;C:\windows\System32\OpenSSH\;C:\Program Files (x86)\NVIDIA Corporation\PhysX\Common;C:\Program Files\Intel\WiFi\bin\;C:\Program Files\Common Files\Intel\WirelessCommon\;D:\sw_java\MySQlServer5.5\bin;E:\sw_java\PuTTY\;C:\Program Files\Git\cmd;D:\sw_java\TortoiseGit\bin;D:\sw_java\Subversion\bin;C:\Program Files\VisualSVN Server\bin;D:\sw_java\TortoiseSVN\bin;C:\Users\ymsxyz\AppData\Local\Microsoft\WindowsApps;;D:\sw_java\eclipse;
USERNAME=ymsxyz
OS=Windows_NT
PROCESSOR_IDENTIFIER=Intel64 Family 6 Model 158 Stepping 10, GenuineIntel



---------------  S Y S T E M  ---------------

OS: Windows 8 , 64 bit Build 9200 

CPU:total 8 (4 cores per cpu, 2 threads per core) family 6 model 158 stepping 10, cmov, cx8, fxsr, mmx, sse, sse2, sse3, ssse3, sse4.1, sse4.2, popcnt, avx, avx2, aes, erms, ht, tsc, tscinvbit

Memory: 4k page, physical 8306816k(1239588k free), swap 23774460k(5488k free)

vm_info: Java HotSpot(TM) 64-Bit Server VM (24.51-b03) for windows-amd64 JRE (1.7.0_51-b13), built on Dec 18 2013 18:40:56 by "java_re" with unknown MS VC++:1600

time: Thu Dec 27 20:24:05 2018
elapsed time: 3 seconds

